
> prosfin-admin@0.1.0 build /Users/chuthanhhuong/Desktop/prosfin-web/apps/admin
> next build

   ▲ Next.js 16.0.10 (Turbopack)

 ⚠ The "middleware" file convention is deprecated. Please use "proxy" instead. Learn more: https://nextjs.org/docs/messages/middleware-to-proxy
   Creating an optimized production build ...
 ✓ Compiled successfully in 34.1s
   Running TypeScript ...
   Collecting page data using 7 workers ...
   Generating static pages using 7 workers (0/31) ...
   Generating static pages using 7 workers (7/31) 
   Generating static pages using 7 workers (15/31) 
   Generating static pages using 7 workers (23/31) 
 ✓ Generating static pages using 7 workers (31/31) in 996.3ms
   Finalizing page optimization ...

Route (app)
┌ ○ /
├ ○ /_not-found
├ ƒ /api/admin/comments/status
├ ƒ /api/auth/[...nextauth]
├ ƒ /api/content/comments
├ ƒ /api/content/media
├ ƒ /api/content/media/[id]
├ ƒ /api/content/media/finalize
├ ƒ /api/content/media/presign
├ ƒ /api/content/media/upload
├ ƒ /api/content/posts
├ ƒ /api/content/posts/[id]
├ ƒ /api/content/posts/[id]/publish
├ ƒ /api/content/posts/[id]/schedule
├ ƒ /api/content/posts/[id]/unschedule
├ ƒ /api/content/schedules/[id]
├ ƒ /api/crm/clients
├ ƒ /api/crm/clients/[id]
├ ƒ /api/crm/leads
├ ƒ /api/crm/leads/[id]
├ ƒ /api/crm/leads/[id]/convert
├ ƒ /api/cron/schedule-tick
├ ƒ /api/public/comments
├ ƒ /api/public/leads
├ ○ /clients
├ ○ /content
├ ƒ /content/[slug]
├ ○ /content/comments
├ ○ /content/media
├ ○ /content/posts
├ ƒ /content/posts/[id]/edit
├ ○ /content/posts/drafts
├ ○ /content/posts/new
├ ○ /content/posts/scheduled
├ ○ /content/schedules
├ ○ /crm/clients
├ ○ /crm/leads
├ ○ /dashboard/content
├ ○ /dashboard/crm
├ ○ /leads
├ ○ /settings
└ ○ /tables


ƒ Proxy (Middleware)

○  (Static)   prerendered as static content
ƒ  (Dynamic)  server-rendered on demand

